0 info it worked if it ends with ok
1 verbose cli [ 'node', '/usr/local/bin/npm', 'adduser' ]
2 info using npm@1.4.28
3 info using node@v0.10.35
4 verbose adduser before first PUT { name: 'wuct',
4 verbose adduser   password: 'XXXXX',
4 verbose adduser   email: 'wu.chingting@gmail.com',
4 verbose adduser   _id: 'org.couchdb.user:wuct',
4 verbose adduser   type: 'user',
4 verbose adduser   roles: [],
4 verbose adduser   date: '2015-01-08T08:13:55.893Z' }
5 verbose request where is /-/user/org.couchdb.user:wuct
6 verbose request registry https://registry.npmjs.org/
7 verbose request id c468cdad040ef938
8 verbose url raw /-/user/org.couchdb.user:wuct
9 verbose url resolving [ 'https://registry.npmjs.org/',
9 verbose url resolving   './-/user/org.couchdb.user:wuct' ]
10 verbose url resolved https://registry.npmjs.org/-/user/org.couchdb.user:wuct
11 verbose request where is https://registry.npmjs.org/-/user/org.couchdb.user:wuct
12 info trying registry request attempt 1 at 16:13:55
13 http PUT https://registry.npmjs.org/-/user/org.couchdb.user:wuct
14 http 409 https://registry.npmjs.org/-/user/org.couchdb.user:wuct
15 verbose headers { date: 'Thu, 08 Jan 2015 08:13:57 GMT',
15 verbose headers   server: 'CouchDB/1.5.0 (Erlang OTP/R16B03)',
15 verbose headers   'content-type': 'application/json',
15 verbose headers   'cache-control': 'max-age=60',
15 verbose headers   'content-length': '58',
15 verbose headers   'accept-ranges': 'bytes',
15 verbose headers   via: '1.1 varnish',
15 verbose headers   'x-served-by': 'cache-ty67-TYO',
15 verbose headers   'x-cache': 'MISS',
15 verbose headers   'x-cache-hits': '0',
15 verbose headers   'x-timer': 'S1420704837.393496,VS0,VE112',
15 verbose headers   'keep-alive': 'timeout=10, max=50',
15 verbose headers   connection: 'Keep-Alive' }
16 verbose adduser update existing user
17 verbose request where is /-/user/org.couchdb.user:wuct?write=true
18 verbose request registry https://registry.npmjs.org/
19 verbose url raw /-/user/org.couchdb.user:wuct?write=true
20 verbose url resolving [ 'https://registry.npmjs.org/',
20 verbose url resolving   './-/user/org.couchdb.user:wuct?write=true' ]
21 verbose url resolved https://registry.npmjs.org/-/user/org.couchdb.user:wuct?write=true
22 verbose request where is https://registry.npmjs.org/-/user/org.couchdb.user:wuct?write=true
23 info trying registry request attempt 1 at 16:13:57
24 http GET https://registry.npmjs.org/-/user/org.couchdb.user:wuct?write=true
25 http 200 https://registry.npmjs.org/-/user/org.couchdb.user:wuct?write=true
26 verbose adduser userobj { name: 'wuct',
26 verbose adduser   password: 'XXXXX',
26 verbose adduser   email: 'wu.chingting@gmail.com',
26 verbose adduser   _id: 'org.couchdb.user:wuct',
26 verbose adduser   type: 'user',
26 verbose adduser   roles: [],
26 verbose adduser   date: '2015-01-08T08:13:55.893Z' }
27 verbose request where is /-/user/org.couchdb.user:wuct/-rev/1-f30ea50c21fffe8392de20382be2d97f
28 verbose request registry https://registry.npmjs.org/
29 verbose url raw /-/user/org.couchdb.user:wuct/-rev/1-f30ea50c21fffe8392de20382be2d97f
30 verbose url resolving [ 'https://registry.npmjs.org/',
30 verbose url resolving   './-/user/org.couchdb.user:wuct/-rev/1-f30ea50c21fffe8392de20382be2d97f' ]
31 verbose url resolved https://registry.npmjs.org/-/user/org.couchdb.user:wuct/-rev/1-f30ea50c21fffe8392de20382be2d97f
32 verbose request where is https://registry.npmjs.org/-/user/org.couchdb.user:wuct/-rev/1-f30ea50c21fffe8392de20382be2d97f
33 info trying registry request attempt 1 at 16:13:58
34 http PUT https://registry.npmjs.org/-/user/org.couchdb.user:wuct/-rev/1-f30ea50c21fffe8392de20382be2d97f
35 http 403 https://registry.npmjs.org/-/user/org.couchdb.user:wuct/-rev/1-f30ea50c21fffe8392de20382be2d97f
36 verbose headers { date: 'Thu, 08 Jan 2015 08:14:00 GMT',
36 verbose headers   server: 'CouchDB/1.5.0 (Erlang OTP/R16B03)',
36 verbose headers   'content-type': 'application/json',
36 verbose headers   'cache-control': 'max-age=60',
36 verbose headers   'content-length': '124',
36 verbose headers   'accept-ranges': 'bytes',
36 verbose headers   via: '1.1 varnish',
36 verbose headers   'x-served-by': 'cache-ty68-TYO',
36 verbose headers   'x-cache': 'MISS',
36 verbose headers   'x-cache-hits': '0',
36 verbose headers   'x-timer': 'S1420704839.899392,VS0,VE119',
36 verbose headers   'keep-alive': 'timeout=10, max=50',
36 verbose headers   connection: 'Keep-Alive' }
37 verbose adduser back [ [Error: forbidden You may not change your email address
37 verbose adduser   Please visit https://npmjs.org/email-edit to do so.: -/user/org.couchdb.user:wuct/-rev/1-f30ea50c21fffe8392de20382be2d97f],
37 verbose adduser   { error: 'forbidden',
37 verbose adduser     reason: 'You may not change your email address\nPlease visit https://npmjs.org/email-edit to do so.' },
37 verbose adduser   '{"error":"forbidden","reason":"You may not change your email address\\nPlease visit https://npmjs.org/email-edit to do so."}' ]
38 warn adduser Incorrect username or password
38 warn adduser You can reset your account by visiting:
38 warn adduser
38 warn adduser     https://npmjs.org/forgot
39 error Error: forbidden You may not change your email address
39 error Please visit https://npmjs.org/email-edit to do so.: -/user/org.couchdb.user:wuct/-rev/1-f30ea50c21fffe8392de20382be2d97f
39 error     at RegClient.<anonymous> (/usr/local/lib/node_modules/npm/node_modules/npm-registry-client/lib/request.js:308:14)
39 error     at Request._callback (/usr/local/lib/node_modules/npm/node_modules/npm-registry-client/lib/request.js:246:65)
39 error     at Request.self.callback (/usr/local/lib/node_modules/npm/node_modules/request/request.js:236:22)
39 error     at Request.emit (events.js:98:17)
39 error     at Request.<anonymous> (/usr/local/lib/node_modules/npm/node_modules/request/request.js:1142:14)
39 error     at Request.emit (events.js:117:20)
39 error     at IncomingMessage.<anonymous> (/usr/local/lib/node_modules/npm/node_modules/request/request.js:1096:12)
39 error     at IncomingMessage.emit (events.js:117:20)
39 error     at _stream_readable.js:944:16
39 error     at process._tickCallback (node.js:442:13)
40 error If you need help, you may report this *entire* log,
40 error including the npm and node versions, at:
40 error     <http://github.com/npm/npm/issues>
41 error System Darwin 14.0.0
42 error command "node" "/usr/local/bin/npm" "adduser"
43 error cwd /Users/wuct/my-garage/react-stepper
44 error node -v v0.10.35
45 error npm -v 1.4.28
46 verbose exit [ 1, true ]
